Arguments: 
  C:\Program Files\nodejs\node.exe C:\Users\KP - GT Boot Camp\AppData\Roaming\npm\node_modules\yarn\bin\yarn.js add react-navigation@3.0.8

PATH: 
  C:\Program Files (x86)\Intel\iCLS Client\;C:\Program Files\Intel\iCLS Client\;C:\WINDOWS\system32;C:\WINDOWS;C:\WINDOWS\System32\Wbem;C:\WINDOWS\System32\WindowsPowerShell\v1.0\;C:\WINDOWS\System32\OpenSSH\;C:\Program Files (x86)\Intel\Intel(R) Management Engine Components\DAL;C:\Program Files\Intel\Intel(R) Management Engine Components\DAL;C:\Program Files (x86)\Intel\Intel(R) Management Engine Components\IPT;C:\Program Files\Intel\Intel(R) Management Engine Components\IPT;C:\Program Files\Git\cmd;C:\Program Files\Intel\WiFi\bin\;C:\Program Files\Common Files\Intel\WirelessCommon\;C:\Program Files\nodejs\;C:\Program Files\MongoDB\Server\4.0\bin;C:\Program Files\dotnet\;C:\Program Files\Microsoft SQL Server\130\Tools\Binn\;C:\Program Files\Microsoft SQL Server\Client SDK\ODBC\170\Tools\Binn\;C:\Users\KP - GT Boot Camp\AppData\Local\Microsoft\WindowsApps;C:\Users\KP - GT Boot Camp\AppData\Local\Programs\Microsoft VS Code\bin;C:\Program Files\heroku\bin;C:\Users\KP - GT Boot Camp\AppData\Roaming\npm;C:\Users\KP - GT Boot Camp\AppData\Local\Programs\Microsoft VS Code\bin;

Yarn version: 
  1.15.2

Node version: 
  10.15.0

Platform: 
  win32 x64

Trace: 
  Error: ENOENT: no such file or directory, open 'C:\Users\KP - GT Boot Camp\AppData\Local\Yarn\Cache\v4\npm-@expo-traveling-fastlane-darwin-1.9.3-c858df1b9d45cfe31e085dab47f9437d7627b46a\node_modules\@expo\traveling-fastlane-darwin\.yarn-metadata.json'

npm manifest: 
  {
    "main": "node_modules/expo/AppEntry.js",
    "scripts": {
      "start": "expo start",
      "android": "expo start --android",
      "ios": "expo start --ios",
      "eject": "expo eject",
      "test": "node ./node_modules/jest/bin/jest.js --watchAll"
    },
    "jest": {
      "preset": "jest-expo"
    },
    "dependencies": {
      "@expo/samples": "2.1.1",
      "expo": "^32.0.0",
      "expo-cli": "^2.15.3",
      "react": "16.5.0",
      "react-native": "https://github.com/expo/react-native/archive/sdk-32.0.0.tar.gz",
      "react-navigation": "^2.0.1",
      "util": "^0.11.1"
    },
    "devDependencies": {
      "babel-preset-expo": "^5.0.0",
      "jest-expo": "^32.0.0"
    },
    "private": true,
    "name": "streetride-user",
    "version": "1.0.0",
    "keywords": [],
    "author": "",
    "license": "MIT",
    "description": ""
  }

yarn manifest: 
  No manifest

Lockfile: 
  No lockfile
